c:\users\marss\documents\me files\git\honours\miscellaneouscuda\nbodysimulation\nbodysimulation\x64\debug\vc143.pdb
c:\users\marss\documents\me files\git\honours\miscellaneouscuda\nbodysimulation\nbodysimulation\x64\debug\vc143.idb
c:\users\marss\documents\me files\git\honours\miscellaneouscuda\nbodysimulation\nbodysimulation\x64\debug\nbodyinit.obj
c:\users\marss\documents\me files\git\honours\miscellaneouscuda\nbodysimulation\nbodysimulation\x64\debug\nbody.cu.obj
c:\users\marss\documents\me files\git\honours\miscellaneouscuda\nbodysimulation\x64\debug\nbodysimulation.exe
c:\users\marss\documents\me files\git\honours\miscellaneouscuda\nbodysimulation\x64\debug\nbodysimulation.pdb
c:\users\marss\documents\me files\git\honours\miscellaneouscuda\nbodysimulation\x64\debug\nbodysimulation.lib
c:\users\marss\documents\me files\git\honours\miscellaneouscuda\nbodysimulation\x64\debug\nbodysimulation.exp
c:\users\marss\documents\me files\git\honours\miscellaneouscuda\nbodysimulation\nbodysimulation\x64\debug\nbodysimulation.ilk
c:\users\marss\documents\me files\git\honours\miscellaneouscuda\nbodysimulation\nbodysimulation\x64\debug\nbody.cu.cache
c:\users\marss\documents\me files\git\honours\miscellaneouscuda\nbodysimulation\nbodysimulation\x64\debug\nbodysimulation.tlog\cl.command.1.tlog
c:\users\marss\documents\me files\git\honours\miscellaneouscuda\nbodysimulation\nbodysimulation\x64\debug\nbodysimulation.tlog\cl.items.tlog
c:\users\marss\documents\me files\git\honours\miscellaneouscuda\nbodysimulation\nbodysimulation\x64\debug\nbodysimulation.tlog\cl.read.1.tlog
c:\users\marss\documents\me files\git\honours\miscellaneouscuda\nbodysimulation\nbodysimulation\x64\debug\nbodysimulation.tlog\cl.write.1.tlog
c:\users\marss\documents\me files\git\honours\miscellaneouscuda\nbodysimulation\nbodysimulation\x64\debug\nbodysimulation.tlog\cudacompile.read.1u.tlog
c:\users\marss\documents\me files\git\honours\miscellaneouscuda\nbodysimulation\nbodysimulation\x64\debug\nbodysimulation.tlog\cudacompile.write.1u.tlog
c:\users\marss\documents\me files\git\honours\miscellaneouscuda\nbodysimulation\nbodysimulation\x64\debug\nbodysimulation.tlog\link.command.1.tlog
c:\users\marss\documents\me files\git\honours\miscellaneouscuda\nbodysimulation\nbodysimulation\x64\debug\nbodysimulation.tlog\link.read.1.tlog
c:\users\marss\documents\me files\git\honours\miscellaneouscuda\nbodysimulation\nbodysimulation\x64\debug\nbodysimulation.tlog\link.secondary.1.tlog
c:\users\marss\documents\me files\git\honours\miscellaneouscuda\nbodysimulation\nbodysimulation\x64\debug\nbodysimulation.tlog\link.write.1.tlog
